#! /usr/local/iverilog/bin/vvp
:ivl_version "11.0 (devel)" "(s20150603-642-g3bdb50da)";
:ivl_delay_selection "TYPICAL";
:vpi_time_precision + 0;
:vpi_module "system";
:vpi_module "vhdl_sys";
:vpi_module "vhdl_textio";
:vpi_module "v2005_math";
:vpi_module "va_math";
S_00000000008e6280 .scope module, "tb" "tb" 2 3;
 .timescale 0 0;
v00000000001a6c30_0 .var "clk", 0 0;
v00000000008d41c0_0 .var "d", 0 0;
v00000000008d4260_0 .var "enable", 0 0;
v00000000008d4300_0 .net "out", 0 0, L_00000000001a6cd0;  1 drivers
v00000000008d43a0_0 .var "reset", 0 0;
S_00000000008e6410 .scope module, "inst1" "dff" 2 8, 3 3 0, S_00000000008e6280;
 .timescale 0 0;
    .port_info 0 /INPUT 1 "clk";
    .port_info 1 /INPUT 1 "reset";
    .port_info 2 /INPUT 1 "enable";
    .port_info 3 /INPUT 1 "d";
    .port_info 4 /OUTPUT 1 "q";
L_00000000001a6cd0 .functor BUFZ 1, v00000000001a6af0_0, C4<0>, C4<0>, C4<0>;
v00000000001aa680_0 .net "clk", 0 0, v00000000001a6c30_0;  1 drivers
v00000000008e65a0_0 .net "d", 0 0, v00000000008d41c0_0;  1 drivers
v00000000001a6910_0 .net "enable", 0 0, v00000000008d4260_0;  1 drivers
v00000000001a69b0_0 .net "q", 0 0, L_00000000001a6cd0;  alias, 1 drivers
v00000000001a6a50_0 .var "r_next", 0 0;
v00000000001a6af0_0 .var "r_reg", 0 0;
v00000000001a6b90_0 .net "reset", 0 0, v00000000008d43a0_0;  1 drivers
E_00000000001abee0 .event edge, v00000000001a6910_0, v00000000008e65a0_0, v00000000001a6af0_0;
E_00000000001ac7a0 .event posedge, v00000000001a6b90_0, v00000000001aa680_0;
    .scope S_00000000008e6410;
T_0 ;
    %wait E_00000000001ac7a0;
    %load/vec4 v00000000001a6b90_0;
    %flag_set/vec4 8;
    %jmp/0xz  T_0.0, 8;
    %pushi/vec4 0, 0, 1;
    %store/vec4 v00000000001a6af0_0, 0, 1;
    %jmp T_0.1;
T_0.0 ;
    %load/vec4 v00000000001a6a50_0;
    %assign/vec4 v00000000001a6af0_0, 0;
T_0.1 ;
    %jmp T_0;
    .thread T_0;
    .scope S_00000000008e6410;
T_1 ;
    %wait E_00000000001abee0;
    %load/vec4 v00000000001a6910_0;
    %flag_set/vec4 8;
    %jmp/0xz  T_1.0, 8;
    %load/vec4 v00000000008e65a0_0;
    %assign/vec4 v00000000001a6a50_0, 0;
    %jmp T_1.1;
T_1.0 ;
    %load/vec4 v00000000001a6af0_0;
    %assign/vec4 v00000000001a6a50_0, 0;
T_1.1 ;
    %jmp T_1;
    .thread T_1, $push;
    .scope S_00000000008e6280;
T_2 ;
    %pushi/vec4 0, 0, 1;
    %store/vec4 v00000000001a6c30_0, 0, 1;
    %end;
    .thread T_2;
    .scope S_00000000008e6280;
T_3 ;
    %delay 1, 0;
    %load/vec4 v00000000001a6c30_0;
    %inv;
    %store/vec4 v00000000001a6c30_0, 0, 1;
    %jmp T_3;
    .thread T_3;
    .scope S_00000000008e6280;
T_4 ;
    %delay 2, 0;
    %pushi/vec4 1, 0, 1;
    %store/vec4 v00000000008d43a0_0, 0, 1;
    %delay 2, 0;
    %pushi/vec4 1, 0, 1;
    %store/vec4 v00000000008d41c0_0, 0, 1;
    %delay 2, 0;
    %pushi/vec4 0, 0, 1;
    %store/vec4 v00000000008d43a0_0, 0, 1;
    %delay 2, 0;
    %pushi/vec4 1, 0, 1;
    %store/vec4 v00000000008d4260_0, 0, 1;
    %delay 4, 0;
    %vpi_call 2 19 "$finish" {0 0 0};
    %end;
    .thread T_4;
    .scope S_00000000008e6280;
T_5 ;
    %vpi_call 2 24 "$monitor", "reset = %b | enable = %b | d = %b | q = %b", v00000000008d43a0_0, v00000000008d4260_0, v00000000008d41c0_0, v00000000008d4300_0 {0 0 0};
    %vpi_call 2 25 "$dumpfile", "dff.vcd" {0 0 0};
    %vpi_call 2 26 "$dumpvars", 32'sb00000000000000000000000000000000, S_00000000008e6280 {0 0 0};
    %end;
    .thread T_5;
# The file index is used to find the file name in the following table.
:file_names 4;
    "N/A";
    "<interactive>";
    "tb.v";
    "./dff.v";
