#! /usr/local/iverilog/bin/vvp
:ivl_version "11.0 (devel)" "(s20150603-642-g3bdb50da)";
:ivl_delay_selection "TYPICAL";
:vpi_time_precision - 9;
:vpi_module "system";
:vpi_module "vhdl_sys";
:vpi_module "vhdl_textio";
:vpi_module "v2005_math";
:vpi_module "va_math";
S_00000000008e4cf0 .scope module, "tb" "tb" 2 4;
 .timescale -9 -9;
v00000000008e3ad0_0 .var "clk", 0 0;
v00000000008e3b70_0 .var "enable", 0 0;
v00000000008e3c10_0 .net "out", 127 0, L_00000000008b2c00;  1 drivers
v000000000092b020_0 .var "reset", 0 0;
S_00000000008e4e80 .scope module, "inst1" "LFSR" 2 10, 3 1 0, S_00000000008e4cf0;
 .timescale 0 0;
    .port_info 0 /INPUT 1 "clk";
    .port_info 1 /INPUT 1 "reset";
    .port_info 2 /INPUT 1 "enable";
    .port_info 3 /OUTPUT 128 "out";
P_00000000012abbb0 .param/l "N" 0 3 1, +C4<00000000000000000000000010000000>;
L_00000000008b2c00 .functor BUFZ 128, v00000000008e3850_0, C4<00000000000000000000000000000000000000000000000000000000000000000000000000000000000000000000000000000000000000000000000000000000>, C4<00000000000000000000000000000000000000000000000000000000000000000000000000000000000000000000000000000000000000000000000000000000>, C4<00000000000000000000000000000000000000000000000000000000000000000000000000000000000000000000000000000000000000000000000000000000>;
v00000000008e5010_0 .net "clk", 0 0, v00000000008e3ad0_0;  1 drivers
v00000000008e37b0_0 .net "enable", 0 0, v00000000008e3b70_0;  1 drivers
v00000000008e3850_0 .var "in", 127 0;
v00000000008e38f0_0 .net "out", 127 0, L_00000000008b2c00;  alias, 1 drivers
v00000000008e3990_0 .net "reset", 0 0, v000000000092b020_0;  1 drivers
v00000000008e3a30_0 .var "temp", 0 0;
E_00000000012ab330 .event posedge, v00000000008e5010_0;
    .scope S_00000000008e4e80;
T_0 ;
    %pushi/vec4 4294967295, 0, 32;
    %concati/vec4 4294967295, 0, 32;
    %concati/vec4 4294967295, 0, 32;
    %concati/vec4 4294967295, 0, 32;
    %store/vec4 v00000000008e3850_0, 0, 128;
    %end;
    .thread T_0;
    .scope S_00000000008e4e80;
T_1 ;
    %wait E_00000000012ab330;
    %load/vec4 v00000000008e3990_0;
    %flag_set/vec4 8;
    %jmp/0xz  T_1.0, 8;
    %pushi/vec4 4294967295, 0, 32;
    %concati/vec4 4294967295, 0, 32;
    %concati/vec4 4294967295, 0, 32;
    %concati/vec4 4294967295, 0, 32;
    %assign/vec4 v00000000008e3850_0, 0;
    %jmp T_1.1;
T_1.0 ;
    %load/vec4 v00000000008e37b0_0;
    %flag_set/vec4 8;
    %jmp/0xz  T_1.2, 8;
    %load/vec4 v00000000008e3850_0;
    %parti/s 1, 127, 8;
    %load/vec4 v00000000008e3850_0;
    %parti/s 1, 125, 8;
    %xor;
    %load/vec4 v00000000008e3850_0;
    %parti/s 1, 126, 8;
    %xor;
    %load/vec4 v00000000008e3850_0;
    %parti/s 1, 120, 8;
    %xor;
    %store/vec4 v00000000008e3a30_0, 0, 1;
    %load/vec4 v00000000008e3850_0;
    %parti/s 127, 0, 2;
    %load/vec4 v00000000008e3a30_0;
    %concat/vec4; draw_concat_vec4
    %store/vec4 v00000000008e3850_0, 0, 128;
T_1.2 ;
T_1.1 ;
    %jmp T_1;
    .thread T_1;
    .scope S_00000000008e4cf0;
T_2 ;
    %pushi/vec4 0, 0, 1;
    %store/vec4 v00000000008e3ad0_0, 0, 1;
    %end;
    .thread T_2;
    .scope S_00000000008e4cf0;
T_3 ;
    %delay 1, 0;
    %load/vec4 v00000000008e3ad0_0;
    %nor/r;
    %store/vec4 v00000000008e3ad0_0, 0, 1;
    %jmp T_3;
    .thread T_3;
    .scope S_00000000008e4cf0;
T_4 ;
    %delay 1, 0;
    %pushi/vec4 1, 0, 1;
    %store/vec4 v000000000092b020_0, 0, 1;
    %pushi/vec4 0, 0, 1;
    %store/vec4 v000000000092b020_0, 0, 1;
    %pushi/vec4 1, 0, 1;
    %store/vec4 v00000000008e3b70_0, 0, 1;
    %delay 15, 0;
    %vpi_call 2 18 "$finish" {0 0 0};
    %end;
    .thread T_4;
    .scope S_00000000008e4cf0;
T_5 ;
    %vpi_call 2 23 "$monitor", $time, " out = %d", v00000000008e3c10_0 {0 0 0};
    %vpi_call 2 24 "$dumpfile", "LFSR.vcd" {0 0 0};
    %vpi_call 2 25 "$dumpvars", 32'sb00000000000000000000000000000000, S_00000000008e4cf0 {0 0 0};
    %end;
    .thread T_5;
# The file index is used to find the file name in the following table.
:file_names 4;
    "N/A";
    "<interactive>";
    "tb.v";
    "./LFSR.v";
